Analysis & Elaboration report for MatrixProcessor
Sun Dec 17 14:33:34 2023
Quartus Prime Version 21.1.1 Build 850 06/23/2022 SJ Lite Edition


---------------------
; Table of Contents ;
---------------------
  1. Legal Notice
  2. Analysis & Elaboration Summary
  3. Parallel Compilation
  4. Analysis & Elaboration Settings
  5. Port Connectivity Checks: "ALU:ALU1"
  6. Analysis & Elaboration Messages



----------------
; Legal Notice ;
----------------
Copyright (C) 2022  Intel Corporation. All rights reserved.
Your use of Intel Corporation's design tools, logic functions 
and other software and tools, and any partner logic 
functions, and any output files from any of the foregoing 
(including device programming or simulation files), and any 
associated documentation or information are expressly subject 
to the terms and conditions of the Intel Program License 
Subscription Agreement, the Intel Quartus Prime License Agreement,
the Intel FPGA IP License Agreement, or other applicable license
agreement, including, without limitation, that your use is for
the sole purpose of programming logic devices manufactured by
Intel and sold by Intel or its authorized distributors.  Please
refer to the applicable agreement for further details, at
https://fpgasoftware.intel.com/eula.



+-----------------------------------------------------------------------------+
; Analysis & Elaboration Summary                                              ;
+-------------------------------+---------------------------------------------+
; Analysis & Elaboration Status ; Successful - Sun Dec 17 14:33:34 2023       ;
; Quartus Prime Version         ; 21.1.1 Build 850 06/23/2022 SJ Lite Edition ;
; Revision Name                 ; MatrixProcessor                             ;
; Top-level Entity Name         ; MatrixProcessor                             ;
; Family                        ; Cyclone V                                   ;
; Logic utilization (in ALMs)   ; N/A until Partition Merge                   ;
; Total registers               ; N/A until Partition Merge                   ;
; Total pins                    ; N/A until Partition Merge                   ;
; Total virtual pins            ; N/A until Partition Merge                   ;
; Total block memory bits       ; N/A until Partition Merge                   ;
; Total PLLs                    ; N/A until Partition Merge                   ;
; Total DLLs                    ; N/A until Partition Merge                   ;
+-------------------------------+---------------------------------------------+


+------------------------------------------+
; Parallel Compilation                     ;
+----------------------------+-------------+
; Processors                 ; Number      ;
+----------------------------+-------------+
; Number detected on machine ; 2           ;
; Maximum allowed            ; 2           ;
;                            ;             ;
; Average used               ; 1.00        ;
; Maximum used               ; 1           ;
;                            ;             ;
; Usage by Processor         ; % Time Used ;
;     Processor 1            ; 100.0%      ;
+----------------------------+-------------+


+---------------------------------------------------------------------------------------------------------------------------+
; Analysis & Elaboration Settings                                                                                           ;
+---------------------------------------------------------------------------------+--------------------+--------------------+
; Option                                                                          ; Setting            ; Default Value      ;
+---------------------------------------------------------------------------------+--------------------+--------------------+
; Device                                                                          ; 5CGXFC7C7F23C8     ;                    ;
; Top-level entity name                                                           ; MatrixProcessor    ; MatrixProcessor    ;
; Family name                                                                     ; Cyclone V          ; Cyclone V          ;
; Use smart compilation                                                           ; Off                ; Off                ;
; Enable parallel Assembler and Timing Analyzer during compilation                ; On                 ; On                 ;
; Enable compact report table                                                     ; Off                ; Off                ;
; Restructure Multiplexers                                                        ; Auto               ; Auto               ;
; MLAB Add Timing Constraints For Mixed-Port Feed-Through Mode Setting Don't Care ; Off                ; Off                ;
; Create Debugging Nodes for IP Cores                                             ; Off                ; Off                ;
; Preserve fewer node names                                                       ; On                 ; On                 ;
; Intel FPGA IP Evaluation Mode                                                   ; Enable             ; Enable             ;
; Verilog Version                                                                 ; Verilog_2001       ; Verilog_2001       ;
; VHDL Version                                                                    ; VHDL_1993          ; VHDL_1993          ;
; State Machine Processing                                                        ; Auto               ; Auto               ;
; Safe State Machine                                                              ; Off                ; Off                ;
; Extract Verilog State Machines                                                  ; On                 ; On                 ;
; Extract VHDL State Machines                                                     ; On                 ; On                 ;
; Ignore Verilog initial constructs                                               ; Off                ; Off                ;
; Iteration limit for constant Verilog loops                                      ; 5000               ; 5000               ;
; Iteration limit for non-constant Verilog loops                                  ; 250                ; 250                ;
; Add Pass-Through Logic to Inferred RAMs                                         ; On                 ; On                 ;
; Infer RAMs from Raw Logic                                                       ; On                 ; On                 ;
; Parallel Synthesis                                                              ; On                 ; On                 ;
; DSP Block Balancing                                                             ; Auto               ; Auto               ;
; NOT Gate Push-Back                                                              ; On                 ; On                 ;
; Power-Up Don't Care                                                             ; On                 ; On                 ;
; Remove Redundant Logic Cells                                                    ; Off                ; Off                ;
; Remove Duplicate Registers                                                      ; On                 ; On                 ;
; Ignore CARRY Buffers                                                            ; Off                ; Off                ;
; Ignore CASCADE Buffers                                                          ; Off                ; Off                ;
; Ignore GLOBAL Buffers                                                           ; Off                ; Off                ;
; Ignore ROW GLOBAL Buffers                                                       ; Off                ; Off                ;
; Ignore LCELL Buffers                                                            ; Off                ; Off                ;
; Ignore SOFT Buffers                                                             ; On                 ; On                 ;
; Limit AHDL Integers to 32 Bits                                                  ; Off                ; Off                ;
; Optimization Technique                                                          ; Balanced           ; Balanced           ;
; Carry Chain Length                                                              ; 70                 ; 70                 ;
; Auto Carry Chains                                                               ; On                 ; On                 ;
; Auto Open-Drain Pins                                                            ; On                 ; On                 ;
; Perform WYSIWYG Primitive Resynthesis                                           ; Off                ; Off                ;
; Auto ROM Replacement                                                            ; On                 ; On                 ;
; Auto RAM Replacement                                                            ; On                 ; On                 ;
; Auto DSP Block Replacement                                                      ; On                 ; On                 ;
; Auto Shift Register Replacement                                                 ; Auto               ; Auto               ;
; Allow Shift Register Merging across Hierarchies                                 ; Auto               ; Auto               ;
; Auto Clock Enable Replacement                                                   ; On                 ; On                 ;
; Strict RAM Replacement                                                          ; Off                ; Off                ;
; Allow Synchronous Control Signals                                               ; On                 ; On                 ;
; Force Use of Synchronous Clear Signals                                          ; Off                ; Off                ;
; Auto Resource Sharing                                                           ; Off                ; Off                ;
; Allow Any RAM Size For Recognition                                              ; Off                ; Off                ;
; Allow Any ROM Size For Recognition                                              ; Off                ; Off                ;
; Allow Any Shift Register Size For Recognition                                   ; Off                ; Off                ;
; Use LogicLock Constraints during Resource Balancing                             ; On                 ; On                 ;
; Ignore translate_off and synthesis_off directives                               ; Off                ; Off                ;
; Timing-Driven Synthesis                                                         ; On                 ; On                 ;
; Report Parameter Settings                                                       ; On                 ; On                 ;
; Report Source Assignments                                                       ; On                 ; On                 ;
; Report Connectivity Checks                                                      ; On                 ; On                 ;
; Ignore Maximum Fan-Out Assignments                                              ; Off                ; Off                ;
; Synchronization Register Chain Length                                           ; 3                  ; 3                  ;
; Power Optimization During Synthesis                                             ; Normal compilation ; Normal compilation ;
; HDL message level                                                               ; Level2             ; Level2             ;
; Suppress Register Optimization Related Messages                                 ; Off                ; Off                ;
; Number of Removed Registers Reported in Synthesis Report                        ; 5000               ; 5000               ;
; Number of Swept Nodes Reported in Synthesis Report                              ; 5000               ; 5000               ;
; Number of Inverted Registers Reported in Synthesis Report                       ; 100                ; 100                ;
; Clock MUX Protection                                                            ; On                 ; On                 ;
; Auto Gated Clock Conversion                                                     ; Off                ; Off                ;
; Block Design Naming                                                             ; Auto               ; Auto               ;
; SDC constraint protection                                                       ; Off                ; Off                ;
; Synthesis Effort                                                                ; Auto               ; Auto               ;
; Shift Register Replacement - Allow Asynchronous Clear Signal                    ; On                 ; On                 ;
; Pre-Mapping Resynthesis Optimization                                            ; Off                ; Off                ;
; Analysis & Synthesis Message Level                                              ; Medium             ; Medium             ;
; Disable Register Merging Across Hierarchies                                     ; Auto               ; Auto               ;
; Resource Aware Inference For Block RAM                                          ; On                 ; On                 ;
; Automatic Parallel Synthesis                                                    ; On                 ; On                 ;
; Partial Reconfiguration Bitstream ID                                            ; Off                ; Off                ;
+---------------------------------------------------------------------------------+--------------------+--------------------+


+-----------------------------------------------------------------------------------------------------------------------+
; Port Connectivity Checks: "ALU:ALU1"                                                                                  ;
+-------------+--------+----------+-------------------------------------------------------------------------------------+
; Port        ; Type   ; Severity ; Details                                                                             ;
+-------------+--------+----------+-------------------------------------------------------------------------------------+
; deter_mat_a ; Output ; Info     ; Connected to dangling logic. Logic that only feeds a dangling port will be removed. ;
; deter_mat_b ; Output ; Info     ; Connected to dangling logic. Logic that only feeds a dangling port will be removed. ;
; deter_mat_d ; Output ; Info     ; Connected to dangling logic. Logic that only feeds a dangling port will be removed. ;
+-------------+--------+----------+-------------------------------------------------------------------------------------+


+---------------------------------+
; Analysis & Elaboration Messages ;
+---------------------------------+
Info: *******************************************************************
Info: Running Quartus Prime Analysis & Elaboration
    Info: Version 21.1.1 Build 850 06/23/2022 SJ Lite Edition
    Info: Processing started: Sun Dec 17 14:33:10 2023
Info: Command: quartus_map --read_settings_files=on --write_settings_files=off MatrixProcessor -c MatrixProcessor --analysis_and_elaboration
Warning (18236): Number of processors has not been specified which may cause overloading on shared machines.  Set the global assignment NUM_PARALLEL_PROCESSORS in your QSF to an appropriate value for best performance.
Info (20030): Parallel compilation is enabled and will use 2 of the 2 processors detected
Warning (12125): Using design file matrixprocessor.vhd, which is not specified as a design file for the current project, but contains definitions for 2 design units and 1 entities in project
    Info (12022): Found design unit 1: MatrixProcessor-rtl File: C:/Ivander/Code/VHDL/Final Project/matrixprocessor.vhd Line: 12
    Info (12023): Found entity 1: MatrixProcessor File: C:/Ivander/Code/VHDL/Final Project/matrixprocessor.vhd Line: 4
Info (12127): Elaborating entity "MatrixProcessor" for the top level hierarchy
Warning (10036): Verilog HDL or VHDL warning at matrixprocessor.vhd(53): object "DETER_MAT_A_s" assigned a value but never read File: C:/Ivander/Code/VHDL/Final Project/matrixprocessor.vhd Line: 53
Warning (10036): Verilog HDL or VHDL warning at matrixprocessor.vhd(53): object "DETER_MAT_B_s" assigned a value but never read File: C:/Ivander/Code/VHDL/Final Project/matrixprocessor.vhd Line: 53
Warning (10036): Verilog HDL or VHDL warning at matrixprocessor.vhd(53): object "DETER_MAT_D_s" assigned a value but never read File: C:/Ivander/Code/VHDL/Final Project/matrixprocessor.vhd Line: 53
Warning (10492): VHDL Process Statement warning at matrixprocessor.vhd(109): signal "Program_Counter" is read inside the Process Statement but isn't in the Process Statement's sensitivity list File: C:/Ivander/Code/VHDL/Final Project/matrixprocessor.vhd Line: 109
Warning (10492): VHDL Process Statement warning at matrixprocessor.vhd(116): signal "Program_Counter" is read inside the Process Statement but isn't in the Process Statement's sensitivity list File: C:/Ivander/Code/VHDL/Final Project/matrixprocessor.vhd Line: 116
Warning (10492): VHDL Process Statement warning at matrixprocessor.vhd(121): signal "Program_Counter" is read inside the Process Statement but isn't in the Process Statement's sensitivity list File: C:/Ivander/Code/VHDL/Final Project/matrixprocessor.vhd Line: 121
Warning (10492): VHDL Process Statement warning at matrixprocessor.vhd(125): signal "OP2_ADDR_s" is read inside the Process Statement but isn't in the Process Statement's sensitivity list File: C:/Ivander/Code/VHDL/Final Project/matrixprocessor.vhd Line: 125
Warning (10492): VHDL Process Statement warning at matrixprocessor.vhd(128): signal "Program_Counter" is read inside the Process Statement but isn't in the Process Statement's sensitivity list File: C:/Ivander/Code/VHDL/Final Project/matrixprocessor.vhd Line: 128
Warning (10492): VHDL Process Statement warning at matrixprocessor.vhd(133): signal "OP1_ADDR_s" is read inside the Process Statement but isn't in the Process Statement's sensitivity list File: C:/Ivander/Code/VHDL/Final Project/matrixprocessor.vhd Line: 133
Warning (10492): VHDL Process Statement warning at matrixprocessor.vhd(135): signal "Program_Counter" is read inside the Process Statement but isn't in the Process Statement's sensitivity list File: C:/Ivander/Code/VHDL/Final Project/matrixprocessor.vhd Line: 135
Warning (10631): VHDL Process Statement warning at matrixprocessor.vhd(101): inferring latch(es) for signal or variable "Program_Counter", which holds its previous value in one or more paths through the process File: C:/Ivander/Code/VHDL/Final Project/matrixprocessor.vhd Line: 101
Warning (10631): VHDL Process Statement warning at matrixprocessor.vhd(101): inferring latch(es) for signal or variable "RAM_ADDR_A_s", which holds its previous value in one or more paths through the process File: C:/Ivander/Code/VHDL/Final Project/matrixprocessor.vhd Line: 101
Warning (10631): VHDL Process Statement warning at matrixprocessor.vhd(101): inferring latch(es) for signal or variable "RAM_WR_s", which holds its previous value in one or more paths through the process File: C:/Ivander/Code/VHDL/Final Project/matrixprocessor.vhd Line: 101
Info (10041): Inferred latch for "RAM_WR_s" at matrixprocessor.vhd(101) File: C:/Ivander/Code/VHDL/Final Project/matrixprocessor.vhd Line: 101
Info (10041): Inferred latch for "RAM_ADDR_A_s[0]" at matrixprocessor.vhd(101) File: C:/Ivander/Code/VHDL/Final Project/matrixprocessor.vhd Line: 101
Info (10041): Inferred latch for "RAM_ADDR_A_s[1]" at matrixprocessor.vhd(101) File: C:/Ivander/Code/VHDL/Final Project/matrixprocessor.vhd Line: 101
Info (10041): Inferred latch for "RAM_ADDR_A_s[2]" at matrixprocessor.vhd(101) File: C:/Ivander/Code/VHDL/Final Project/matrixprocessor.vhd Line: 101
Info (10041): Inferred latch for "RAM_ADDR_A_s[3]" at matrixprocessor.vhd(101) File: C:/Ivander/Code/VHDL/Final Project/matrixprocessor.vhd Line: 101
Info (10041): Inferred latch for "RAM_ADDR_A_s[4]" at matrixprocessor.vhd(101) File: C:/Ivander/Code/VHDL/Final Project/matrixprocessor.vhd Line: 101
Info (10041): Inferred latch for "Program_Counter[0]" at matrixprocessor.vhd(101) File: C:/Ivander/Code/VHDL/Final Project/matrixprocessor.vhd Line: 101
Info (10041): Inferred latch for "Program_Counter[1]" at matrixprocessor.vhd(101) File: C:/Ivander/Code/VHDL/Final Project/matrixprocessor.vhd Line: 101
Info (10041): Inferred latch for "Program_Counter[2]" at matrixprocessor.vhd(101) File: C:/Ivander/Code/VHDL/Final Project/matrixprocessor.vhd Line: 101
Info (10041): Inferred latch for "Program_Counter[3]" at matrixprocessor.vhd(101) File: C:/Ivander/Code/VHDL/Final Project/matrixprocessor.vhd Line: 101
Info (10041): Inferred latch for "Program_Counter[4]" at matrixprocessor.vhd(101) File: C:/Ivander/Code/VHDL/Final Project/matrixprocessor.vhd Line: 101
Info (10041): Inferred latch for "Program_Counter[5]" at matrixprocessor.vhd(101) File: C:/Ivander/Code/VHDL/Final Project/matrixprocessor.vhd Line: 101
Info (10041): Inferred latch for "Program_Counter[6]" at matrixprocessor.vhd(101) File: C:/Ivander/Code/VHDL/Final Project/matrixprocessor.vhd Line: 101
Info (10041): Inferred latch for "Program_Counter[7]" at matrixprocessor.vhd(101) File: C:/Ivander/Code/VHDL/Final Project/matrixprocessor.vhd Line: 101
Info (10041): Inferred latch for "Program_Counter[8]" at matrixprocessor.vhd(101) File: C:/Ivander/Code/VHDL/Final Project/matrixprocessor.vhd Line: 101
Info (10041): Inferred latch for "Program_Counter[9]" at matrixprocessor.vhd(101) File: C:/Ivander/Code/VHDL/Final Project/matrixprocessor.vhd Line: 101
Info (10041): Inferred latch for "Program_Counter[10]" at matrixprocessor.vhd(101) File: C:/Ivander/Code/VHDL/Final Project/matrixprocessor.vhd Line: 101
Info (10041): Inferred latch for "Program_Counter[11]" at matrixprocessor.vhd(101) File: C:/Ivander/Code/VHDL/Final Project/matrixprocessor.vhd Line: 101
Info (10041): Inferred latch for "Program_Counter[12]" at matrixprocessor.vhd(101) File: C:/Ivander/Code/VHDL/Final Project/matrixprocessor.vhd Line: 101
Info (10041): Inferred latch for "Program_Counter[13]" at matrixprocessor.vhd(101) File: C:/Ivander/Code/VHDL/Final Project/matrixprocessor.vhd Line: 101
Info (10041): Inferred latch for "Program_Counter[14]" at matrixprocessor.vhd(101) File: C:/Ivander/Code/VHDL/Final Project/matrixprocessor.vhd Line: 101
Info (10041): Inferred latch for "Program_Counter[15]" at matrixprocessor.vhd(101) File: C:/Ivander/Code/VHDL/Final Project/matrixprocessor.vhd Line: 101
Info (10041): Inferred latch for "Program_Counter[16]" at matrixprocessor.vhd(101) File: C:/Ivander/Code/VHDL/Final Project/matrixprocessor.vhd Line: 101
Info (10041): Inferred latch for "Program_Counter[17]" at matrixprocessor.vhd(101) File: C:/Ivander/Code/VHDL/Final Project/matrixprocessor.vhd Line: 101
Info (10041): Inferred latch for "Program_Counter[18]" at matrixprocessor.vhd(101) File: C:/Ivander/Code/VHDL/Final Project/matrixprocessor.vhd Line: 101
Info (10041): Inferred latch for "Program_Counter[19]" at matrixprocessor.vhd(101) File: C:/Ivander/Code/VHDL/Final Project/matrixprocessor.vhd Line: 101
Info (10041): Inferred latch for "Program_Counter[20]" at matrixprocessor.vhd(101) File: C:/Ivander/Code/VHDL/Final Project/matrixprocessor.vhd Line: 101
Info (10041): Inferred latch for "Program_Counter[21]" at matrixprocessor.vhd(101) File: C:/Ivander/Code/VHDL/Final Project/matrixprocessor.vhd Line: 101
Info (10041): Inferred latch for "Program_Counter[22]" at matrixprocessor.vhd(101) File: C:/Ivander/Code/VHDL/Final Project/matrixprocessor.vhd Line: 101
Info (10041): Inferred latch for "Program_Counter[23]" at matrixprocessor.vhd(101) File: C:/Ivander/Code/VHDL/Final Project/matrixprocessor.vhd Line: 101
Info (10041): Inferred latch for "Program_Counter[24]" at matrixprocessor.vhd(101) File: C:/Ivander/Code/VHDL/Final Project/matrixprocessor.vhd Line: 101
Info (10041): Inferred latch for "Program_Counter[25]" at matrixprocessor.vhd(101) File: C:/Ivander/Code/VHDL/Final Project/matrixprocessor.vhd Line: 101
Info (10041): Inferred latch for "Program_Counter[26]" at matrixprocessor.vhd(101) File: C:/Ivander/Code/VHDL/Final Project/matrixprocessor.vhd Line: 101
Info (10041): Inferred latch for "Program_Counter[27]" at matrixprocessor.vhd(101) File: C:/Ivander/Code/VHDL/Final Project/matrixprocessor.vhd Line: 101
Info (10041): Inferred latch for "Program_Counter[28]" at matrixprocessor.vhd(101) File: C:/Ivander/Code/VHDL/Final Project/matrixprocessor.vhd Line: 101
Info (10041): Inferred latch for "Program_Counter[29]" at matrixprocessor.vhd(101) File: C:/Ivander/Code/VHDL/Final Project/matrixprocessor.vhd Line: 101
Info (10041): Inferred latch for "Program_Counter[30]" at matrixprocessor.vhd(101) File: C:/Ivander/Code/VHDL/Final Project/matrixprocessor.vhd Line: 101
Info (10041): Inferred latch for "Program_Counter[31]" at matrixprocessor.vhd(101) File: C:/Ivander/Code/VHDL/Final Project/matrixprocessor.vhd Line: 101
Warning (12125): Using design file decoder.vhd, which is not specified as a design file for the current project, but contains definitions for 2 design units and 1 entities in project
    Info (12022): Found design unit 1: DECODER-rtl File: C:/Ivander/Code/VHDL/Final Project/decoder.vhd Line: 13
    Info (12023): Found entity 1: DECODER File: C:/Ivander/Code/VHDL/Final Project/decoder.vhd Line: 4
Info (12128): Elaborating entity "DECODER" for hierarchy "DECODER:DECODER1" File: C:/Ivander/Code/VHDL/Final Project/matrixprocessor.vhd Line: 64
Warning (10492): VHDL Process Statement warning at decoder.vhd(17): signal "INSTRUCTION" is read inside the Process Statement but isn't in the Process Statement's sensitivity list File: C:/Ivander/Code/VHDL/Final Project/decoder.vhd Line: 17
Warning (10492): VHDL Process Statement warning at decoder.vhd(18): signal "INSTRUCTION" is read inside the Process Statement but isn't in the Process Statement's sensitivity list File: C:/Ivander/Code/VHDL/Final Project/decoder.vhd Line: 18
Warning (10492): VHDL Process Statement warning at decoder.vhd(19): signal "INSTRUCTION" is read inside the Process Statement but isn't in the Process Statement's sensitivity list File: C:/Ivander/Code/VHDL/Final Project/decoder.vhd Line: 19
Warning (10492): VHDL Process Statement warning at decoder.vhd(20): signal "INSTRUCTION" is read inside the Process Statement but isn't in the Process Statement's sensitivity list File: C:/Ivander/Code/VHDL/Final Project/decoder.vhd Line: 20
Warning (12125): Using design file ram.vhd, which is not specified as a design file for the current project, but contains definitions for 2 design units and 1 entities in project
    Info (12022): Found design unit 1: RAM-rtl File: C:/Ivander/Code/VHDL/Final Project/ram.vhd Line: 36
    Info (12023): Found entity 1: RAM File: C:/Ivander/Code/VHDL/Final Project/ram.vhd Line: 6
Info (12128): Elaborating entity "RAM" for hierarchy "RAM:RAM1" File: C:/Ivander/Code/VHDL/Final Project/matrixprocessor.vhd Line: 73
Warning (10492): VHDL Process Statement warning at ram.vhd(51): signal "RAM_WR" is read inside the Process Statement but isn't in the Process Statement's sensitivity list File: C:/Ivander/Code/VHDL/Final Project/ram.vhd Line: 51
Warning (10492): VHDL Process Statement warning at ram.vhd(52): signal "RAM_MATRIX_IN_11" is read inside the Process Statement but isn't in the Process Statement's sensitivity list File: C:/Ivander/Code/VHDL/Final Project/ram.vhd Line: 52
Warning (10492): VHDL Process Statement warning at ram.vhd(52): signal "RAM_ADDR_A" is read inside the Process Statement but isn't in the Process Statement's sensitivity list File: C:/Ivander/Code/VHDL/Final Project/ram.vhd Line: 52
Warning (10492): VHDL Process Statement warning at ram.vhd(53): signal "RAM_MATRIX_IN_12" is read inside the Process Statement but isn't in the Process Statement's sensitivity list File: C:/Ivander/Code/VHDL/Final Project/ram.vhd Line: 53
Warning (10492): VHDL Process Statement warning at ram.vhd(53): signal "RAM_ADDR_A" is read inside the Process Statement but isn't in the Process Statement's sensitivity list File: C:/Ivander/Code/VHDL/Final Project/ram.vhd Line: 53
Warning (10492): VHDL Process Statement warning at ram.vhd(54): signal "RAM_MATRIX_IN_21" is read inside the Process Statement but isn't in the Process Statement's sensitivity list File: C:/Ivander/Code/VHDL/Final Project/ram.vhd Line: 54
Warning (10492): VHDL Process Statement warning at ram.vhd(54): signal "RAM_ADDR_A" is read inside the Process Statement but isn't in the Process Statement's sensitivity list File: C:/Ivander/Code/VHDL/Final Project/ram.vhd Line: 54
Warning (10492): VHDL Process Statement warning at ram.vhd(55): signal "RAM_MATRIX_IN_22" is read inside the Process Statement but isn't in the Process Statement's sensitivity list File: C:/Ivander/Code/VHDL/Final Project/ram.vhd Line: 55
Warning (10492): VHDL Process Statement warning at ram.vhd(55): signal "RAM_ADDR_A" is read inside the Process Statement but isn't in the Process Statement's sensitivity list File: C:/Ivander/Code/VHDL/Final Project/ram.vhd Line: 55
Warning (10492): VHDL Process Statement warning at ram.vhd(58): signal "registers_11" is read inside the Process Statement but isn't in the Process Statement's sensitivity list File: C:/Ivander/Code/VHDL/Final Project/ram.vhd Line: 58
Warning (10492): VHDL Process Statement warning at ram.vhd(58): signal "RAM_ADDR_A" is read inside the Process Statement but isn't in the Process Statement's sensitivity list File: C:/Ivander/Code/VHDL/Final Project/ram.vhd Line: 58
Warning (10492): VHDL Process Statement warning at ram.vhd(59): signal "registers_12" is read inside the Process Statement but isn't in the Process Statement's sensitivity list File: C:/Ivander/Code/VHDL/Final Project/ram.vhd Line: 59
Warning (10492): VHDL Process Statement warning at ram.vhd(59): signal "RAM_ADDR_A" is read inside the Process Statement but isn't in the Process Statement's sensitivity list File: C:/Ivander/Code/VHDL/Final Project/ram.vhd Line: 59
Warning (10492): VHDL Process Statement warning at ram.vhd(60): signal "registers_21" is read inside the Process Statement but isn't in the Process Statement's sensitivity list File: C:/Ivander/Code/VHDL/Final Project/ram.vhd Line: 60
Warning (10492): VHDL Process Statement warning at ram.vhd(60): signal "RAM_ADDR_A" is read inside the Process Statement but isn't in the Process Statement's sensitivity list File: C:/Ivander/Code/VHDL/Final Project/ram.vhd Line: 60
Warning (10492): VHDL Process Statement warning at ram.vhd(61): signal "registers_22" is read inside the Process Statement but isn't in the Process Statement's sensitivity list File: C:/Ivander/Code/VHDL/Final Project/ram.vhd Line: 61
Warning (10492): VHDL Process Statement warning at ram.vhd(61): signal "RAM_ADDR_A" is read inside the Process Statement but isn't in the Process Statement's sensitivity list File: C:/Ivander/Code/VHDL/Final Project/ram.vhd Line: 61
Warning (10492): VHDL Process Statement warning at ram.vhd(63): signal "registers_11" is read inside the Process Statement but isn't in the Process Statement's sensitivity list File: C:/Ivander/Code/VHDL/Final Project/ram.vhd Line: 63
Warning (10492): VHDL Process Statement warning at ram.vhd(63): signal "RAM_ADDR_B" is read inside the Process Statement but isn't in the Process Statement's sensitivity list File: C:/Ivander/Code/VHDL/Final Project/ram.vhd Line: 63
Warning (10492): VHDL Process Statement warning at ram.vhd(64): signal "registers_12" is read inside the Process Statement but isn't in the Process Statement's sensitivity list File: C:/Ivander/Code/VHDL/Final Project/ram.vhd Line: 64
Warning (10492): VHDL Process Statement warning at ram.vhd(64): signal "RAM_ADDR_B" is read inside the Process Statement but isn't in the Process Statement's sensitivity list File: C:/Ivander/Code/VHDL/Final Project/ram.vhd Line: 64
Warning (10492): VHDL Process Statement warning at ram.vhd(65): signal "registers_21" is read inside the Process Statement but isn't in the Process Statement's sensitivity list File: C:/Ivander/Code/VHDL/Final Project/ram.vhd Line: 65
Warning (10492): VHDL Process Statement warning at ram.vhd(65): signal "RAM_ADDR_B" is read inside the Process Statement but isn't in the Process Statement's sensitivity list File: C:/Ivander/Code/VHDL/Final Project/ram.vhd Line: 65
Warning (10492): VHDL Process Statement warning at ram.vhd(66): signal "registers_22" is read inside the Process Statement but isn't in the Process Statement's sensitivity list File: C:/Ivander/Code/VHDL/Final Project/ram.vhd Line: 66
Warning (10492): VHDL Process Statement warning at ram.vhd(66): signal "RAM_ADDR_B" is read inside the Process Statement but isn't in the Process Statement's sensitivity list File: C:/Ivander/Code/VHDL/Final Project/ram.vhd Line: 66
Warning (10631): VHDL Process Statement warning at ram.vhd(48): inferring latch(es) for signal or variable "RAM_MATRIX_OUT_11_A", which holds its previous value in one or more paths through the process File: C:/Ivander/Code/VHDL/Final Project/ram.vhd Line: 48
Warning (10631): VHDL Process Statement warning at ram.vhd(48): inferring latch(es) for signal or variable "RAM_MATRIX_OUT_12_A", which holds its previous value in one or more paths through the process File: C:/Ivander/Code/VHDL/Final Project/ram.vhd Line: 48
Warning (10631): VHDL Process Statement warning at ram.vhd(48): inferring latch(es) for signal or variable "RAM_MATRIX_OUT_21_A", which holds its previous value in one or more paths through the process File: C:/Ivander/Code/VHDL/Final Project/ram.vhd Line: 48
Warning (10631): VHDL Process Statement warning at ram.vhd(48): inferring latch(es) for signal or variable "RAM_MATRIX_OUT_22_A", which holds its previous value in one or more paths through the process File: C:/Ivander/Code/VHDL/Final Project/ram.vhd Line: 48
Warning (10631): VHDL Process Statement warning at ram.vhd(48): inferring latch(es) for signal or variable "RAM_MATRIX_OUT_11_B", which holds its previous value in one or more paths through the process File: C:/Ivander/Code/VHDL/Final Project/ram.vhd Line: 48
Warning (10631): VHDL Process Statement warning at ram.vhd(48): inferring latch(es) for signal or variable "RAM_MATRIX_OUT_12_B", which holds its previous value in one or more paths through the process File: C:/Ivander/Code/VHDL/Final Project/ram.vhd Line: 48
Warning (10631): VHDL Process Statement warning at ram.vhd(48): inferring latch(es) for signal or variable "RAM_MATRIX_OUT_21_B", which holds its previous value in one or more paths through the process File: C:/Ivander/Code/VHDL/Final Project/ram.vhd Line: 48
Warning (10631): VHDL Process Statement warning at ram.vhd(48): inferring latch(es) for signal or variable "RAM_MATRIX_OUT_22_B", which holds its previous value in one or more paths through the process File: C:/Ivander/Code/VHDL/Final Project/ram.vhd Line: 48
Info (10041): Inferred latch for "RAM_MATRIX_OUT_22_B[0]" at ram.vhd(48) File: C:/Ivander/Code/VHDL/Final Project/ram.vhd Line: 48
Info (10041): Inferred latch for "RAM_MATRIX_OUT_22_B[1]" at ram.vhd(48) File: C:/Ivander/Code/VHDL/Final Project/ram.vhd Line: 48
Info (10041): Inferred latch for "RAM_MATRIX_OUT_22_B[2]" at ram.vhd(48) File: C:/Ivander/Code/VHDL/Final Project/ram.vhd Line: 48
Info (10041): Inferred latch for "RAM_MATRIX_OUT_22_B[3]" at ram.vhd(48) File: C:/Ivander/Code/VHDL/Final Project/ram.vhd Line: 48
Info (10041): Inferred latch for "RAM_MATRIX_OUT_22_B[4]" at ram.vhd(48) File: C:/Ivander/Code/VHDL/Final Project/ram.vhd Line: 48
Info (10041): Inferred latch for "RAM_MATRIX_OUT_22_B[5]" at ram.vhd(48) File: C:/Ivander/Code/VHDL/Final Project/ram.vhd Line: 48
Info (10041): Inferred latch for "RAM_MATRIX_OUT_22_B[6]" at ram.vhd(48) File: C:/Ivander/Code/VHDL/Final Project/ram.vhd Line: 48
Info (10041): Inferred latch for "RAM_MATRIX_OUT_22_B[7]" at ram.vhd(48) File: C:/Ivander/Code/VHDL/Final Project/ram.vhd Line: 48
Info (10041): Inferred latch for "RAM_MATRIX_OUT_21_B[0]" at ram.vhd(48) File: C:/Ivander/Code/VHDL/Final Project/ram.vhd Line: 48
Info (10041): Inferred latch for "RAM_MATRIX_OUT_21_B[1]" at ram.vhd(48) File: C:/Ivander/Code/VHDL/Final Project/ram.vhd Line: 48
Info (10041): Inferred latch for "RAM_MATRIX_OUT_21_B[2]" at ram.vhd(48) File: C:/Ivander/Code/VHDL/Final Project/ram.vhd Line: 48
Info (10041): Inferred latch for "RAM_MATRIX_OUT_21_B[3]" at ram.vhd(48) File: C:/Ivander/Code/VHDL/Final Project/ram.vhd Line: 48
Info (10041): Inferred latch for "RAM_MATRIX_OUT_21_B[4]" at ram.vhd(48) File: C:/Ivander/Code/VHDL/Final Project/ram.vhd Line: 48
Info (10041): Inferred latch for "RAM_MATRIX_OUT_21_B[5]" at ram.vhd(48) File: C:/Ivander/Code/VHDL/Final Project/ram.vhd Line: 48
Info (10041): Inferred latch for "RAM_MATRIX_OUT_21_B[6]" at ram.vhd(48) File: C:/Ivander/Code/VHDL/Final Project/ram.vhd Line: 48
Info (10041): Inferred latch for "RAM_MATRIX_OUT_21_B[7]" at ram.vhd(48) File: C:/Ivander/Code/VHDL/Final Project/ram.vhd Line: 48
Info (10041): Inferred latch for "RAM_MATRIX_OUT_12_B[0]" at ram.vhd(48) File: C:/Ivander/Code/VHDL/Final Project/ram.vhd Line: 48
Info (10041): Inferred latch for "RAM_MATRIX_OUT_12_B[1]" at ram.vhd(48) File: C:/Ivander/Code/VHDL/Final Project/ram.vhd Line: 48
Info (10041): Inferred latch for "RAM_MATRIX_OUT_12_B[2]" at ram.vhd(48) File: C:/Ivander/Code/VHDL/Final Project/ram.vhd Line: 48
Info (10041): Inferred latch for "RAM_MATRIX_OUT_12_B[3]" at ram.vhd(48) File: C:/Ivander/Code/VHDL/Final Project/ram.vhd Line: 48
Info (10041): Inferred latch for "RAM_MATRIX_OUT_12_B[4]" at ram.vhd(48) File: C:/Ivander/Code/VHDL/Final Project/ram.vhd Line: 48
Info (10041): Inferred latch for "RAM_MATRIX_OUT_12_B[5]" at ram.vhd(48) File: C:/Ivander/Code/VHDL/Final Project/ram.vhd Line: 48
Info (10041): Inferred latch for "RAM_MATRIX_OUT_12_B[6]" at ram.vhd(48) File: C:/Ivander/Code/VHDL/Final Project/ram.vhd Line: 48
Info (10041): Inferred latch for "RAM_MATRIX_OUT_12_B[7]" at ram.vhd(48) File: C:/Ivander/Code/VHDL/Final Project/ram.vhd Line: 48
Info (10041): Inferred latch for "RAM_MATRIX_OUT_11_B[0]" at ram.vhd(48) File: C:/Ivander/Code/VHDL/Final Project/ram.vhd Line: 48
Info (10041): Inferred latch for "RAM_MATRIX_OUT_11_B[1]" at ram.vhd(48) File: C:/Ivander/Code/VHDL/Final Project/ram.vhd Line: 48
Info (10041): Inferred latch for "RAM_MATRIX_OUT_11_B[2]" at ram.vhd(48) File: C:/Ivander/Code/VHDL/Final Project/ram.vhd Line: 48
Info (10041): Inferred latch for "RAM_MATRIX_OUT_11_B[3]" at ram.vhd(48) File: C:/Ivander/Code/VHDL/Final Project/ram.vhd Line: 48
Info (10041): Inferred latch for "RAM_MATRIX_OUT_11_B[4]" at ram.vhd(48) File: C:/Ivander/Code/VHDL/Final Project/ram.vhd Line: 48
Info (10041): Inferred latch for "RAM_MATRIX_OUT_11_B[5]" at ram.vhd(48) File: C:/Ivander/Code/VHDL/Final Project/ram.vhd Line: 48
Info (10041): Inferred latch for "RAM_MATRIX_OUT_11_B[6]" at ram.vhd(48) File: C:/Ivander/Code/VHDL/Final Project/ram.vhd Line: 48
Info (10041): Inferred latch for "RAM_MATRIX_OUT_11_B[7]" at ram.vhd(48) File: C:/Ivander/Code/VHDL/Final Project/ram.vhd Line: 48
Info (10041): Inferred latch for "RAM_MATRIX_OUT_22_A[0]" at ram.vhd(48) File: C:/Ivander/Code/VHDL/Final Project/ram.vhd Line: 48
Info (10041): Inferred latch for "RAM_MATRIX_OUT_22_A[1]" at ram.vhd(48) File: C:/Ivander/Code/VHDL/Final Project/ram.vhd Line: 48
Info (10041): Inferred latch for "RAM_MATRIX_OUT_22_A[2]" at ram.vhd(48) File: C:/Ivander/Code/VHDL/Final Project/ram.vhd Line: 48
Info (10041): Inferred latch for "RAM_MATRIX_OUT_22_A[3]" at ram.vhd(48) File: C:/Ivander/Code/VHDL/Final Project/ram.vhd Line: 48
Info (10041): Inferred latch for "RAM_MATRIX_OUT_22_A[4]" at ram.vhd(48) File: C:/Ivander/Code/VHDL/Final Project/ram.vhd Line: 48
Info (10041): Inferred latch for "RAM_MATRIX_OUT_22_A[5]" at ram.vhd(48) File: C:/Ivander/Code/VHDL/Final Project/ram.vhd Line: 48
Info (10041): Inferred latch for "RAM_MATRIX_OUT_22_A[6]" at ram.vhd(48) File: C:/Ivander/Code/VHDL/Final Project/ram.vhd Line: 48
Info (10041): Inferred latch for "RAM_MATRIX_OUT_22_A[7]" at ram.vhd(48) File: C:/Ivander/Code/VHDL/Final Project/ram.vhd Line: 48
Info (10041): Inferred latch for "RAM_MATRIX_OUT_21_A[0]" at ram.vhd(48) File: C:/Ivander/Code/VHDL/Final Project/ram.vhd Line: 48
Info (10041): Inferred latch for "RAM_MATRIX_OUT_21_A[1]" at ram.vhd(48) File: C:/Ivander/Code/VHDL/Final Project/ram.vhd Line: 48
Info (10041): Inferred latch for "RAM_MATRIX_OUT_21_A[2]" at ram.vhd(48) File: C:/Ivander/Code/VHDL/Final Project/ram.vhd Line: 48
Info (10041): Inferred latch for "RAM_MATRIX_OUT_21_A[3]" at ram.vhd(48) File: C:/Ivander/Code/VHDL/Final Project/ram.vhd Line: 48
Info (10041): Inferred latch for "RAM_MATRIX_OUT_21_A[4]" at ram.vhd(48) File: C:/Ivander/Code/VHDL/Final Project/ram.vhd Line: 48
Info (10041): Inferred latch for "RAM_MATRIX_OUT_21_A[5]" at ram.vhd(48) File: C:/Ivander/Code/VHDL/Final Project/ram.vhd Line: 48
Info (10041): Inferred latch for "RAM_MATRIX_OUT_21_A[6]" at ram.vhd(48) File: C:/Ivander/Code/VHDL/Final Project/ram.vhd Line: 48
Info (10041): Inferred latch for "RAM_MATRIX_OUT_21_A[7]" at ram.vhd(48) File: C:/Ivander/Code/VHDL/Final Project/ram.vhd Line: 48
Info (10041): Inferred latch for "RAM_MATRIX_OUT_12_A[0]" at ram.vhd(48) File: C:/Ivander/Code/VHDL/Final Project/ram.vhd Line: 48
Info (10041): Inferred latch for "RAM_MATRIX_OUT_12_A[1]" at ram.vhd(48) File: C:/Ivander/Code/VHDL/Final Project/ram.vhd Line: 48
Info (10041): Inferred latch for "RAM_MATRIX_OUT_12_A[2]" at ram.vhd(48) File: C:/Ivander/Code/VHDL/Final Project/ram.vhd Line: 48
Info (10041): Inferred latch for "RAM_MATRIX_OUT_12_A[3]" at ram.vhd(48) File: C:/Ivander/Code/VHDL/Final Project/ram.vhd Line: 48
Info (10041): Inferred latch for "RAM_MATRIX_OUT_12_A[4]" at ram.vhd(48) File: C:/Ivander/Code/VHDL/Final Project/ram.vhd Line: 48
Info (10041): Inferred latch for "RAM_MATRIX_OUT_12_A[5]" at ram.vhd(48) File: C:/Ivander/Code/VHDL/Final Project/ram.vhd Line: 48
Info (10041): Inferred latch for "RAM_MATRIX_OUT_12_A[6]" at ram.vhd(48) File: C:/Ivander/Code/VHDL/Final Project/ram.vhd Line: 48
Info (10041): Inferred latch for "RAM_MATRIX_OUT_12_A[7]" at ram.vhd(48) File: C:/Ivander/Code/VHDL/Final Project/ram.vhd Line: 48
Info (10041): Inferred latch for "RAM_MATRIX_OUT_11_A[0]" at ram.vhd(48) File: C:/Ivander/Code/VHDL/Final Project/ram.vhd Line: 48
Info (10041): Inferred latch for "RAM_MATRIX_OUT_11_A[1]" at ram.vhd(48) File: C:/Ivander/Code/VHDL/Final Project/ram.vhd Line: 48
Info (10041): Inferred latch for "RAM_MATRIX_OUT_11_A[2]" at ram.vhd(48) File: C:/Ivander/Code/VHDL/Final Project/ram.vhd Line: 48
Info (10041): Inferred latch for "RAM_MATRIX_OUT_11_A[3]" at ram.vhd(48) File: C:/Ivander/Code/VHDL/Final Project/ram.vhd Line: 48
Info (10041): Inferred latch for "RAM_MATRIX_OUT_11_A[4]" at ram.vhd(48) File: C:/Ivander/Code/VHDL/Final Project/ram.vhd Line: 48
Info (10041): Inferred latch for "RAM_MATRIX_OUT_11_A[5]" at ram.vhd(48) File: C:/Ivander/Code/VHDL/Final Project/ram.vhd Line: 48
Info (10041): Inferred latch for "RAM_MATRIX_OUT_11_A[6]" at ram.vhd(48) File: C:/Ivander/Code/VHDL/Final Project/ram.vhd Line: 48
Info (10041): Inferred latch for "RAM_MATRIX_OUT_11_A[7]" at ram.vhd(48) File: C:/Ivander/Code/VHDL/Final Project/ram.vhd Line: 48
Warning (12125): Using design file alu.vhd, which is not specified as a design file for the current project, but contains definitions for 2 design units and 1 entities in project
    Info (12022): Found design unit 1: ALU-rtl File: C:/Ivander/Code/VHDL/Final Project/alu.vhd Line: 39
    Info (12023): Found entity 1: ALU File: C:/Ivander/Code/VHDL/Final Project/alu.vhd Line: 5
Info (12128): Elaborating entity "ALU" for hierarchy "ALU:ALU1" File: C:/Ivander/Code/VHDL/Final Project/matrixprocessor.vhd Line: 86
Warning (10492): VHDL Process Statement warning at alu.vhd(65): signal "OPCODE" is read inside the Process Statement but isn't in the Process Statement's sensitivity list File: C:/Ivander/Code/VHDL/Final Project/alu.vhd Line: 65
Warning (10492): VHDL Process Statement warning at alu.vhd(68): signal "OPERAND_11_A" is read inside the Process Statement but isn't in the Process Statement's sensitivity list File: C:/Ivander/Code/VHDL/Final Project/alu.vhd Line: 68
Warning (10492): VHDL Process Statement warning at alu.vhd(68): signal "OPERAND_11_B" is read inside the Process Statement but isn't in the Process Statement's sensitivity list File: C:/Ivander/Code/VHDL/Final Project/alu.vhd Line: 68
Warning (10492): VHDL Process Statement warning at alu.vhd(69): signal "OPERAND_12_A" is read inside the Process Statement but isn't in the Process Statement's sensitivity list File: C:/Ivander/Code/VHDL/Final Project/alu.vhd Line: 69
Warning (10492): VHDL Process Statement warning at alu.vhd(69): signal "OPERAND_12_B" is read inside the Process Statement but isn't in the Process Statement's sensitivity list File: C:/Ivander/Code/VHDL/Final Project/alu.vhd Line: 69
Warning (10492): VHDL Process Statement warning at alu.vhd(70): signal "OPERAND_21_A" is read inside the Process Statement but isn't in the Process Statement's sensitivity list File: C:/Ivander/Code/VHDL/Final Project/alu.vhd Line: 70
Warning (10492): VHDL Process Statement warning at alu.vhd(70): signal "OPERAND_21_B" is read inside the Process Statement but isn't in the Process Statement's sensitivity list File: C:/Ivander/Code/VHDL/Final Project/alu.vhd Line: 70
Warning (10492): VHDL Process Statement warning at alu.vhd(71): signal "OPERAND_22_A" is read inside the Process Statement but isn't in the Process Statement's sensitivity list File: C:/Ivander/Code/VHDL/Final Project/alu.vhd Line: 71
Warning (10492): VHDL Process Statement warning at alu.vhd(71): signal "OPERAND_22_B" is read inside the Process Statement but isn't in the Process Statement's sensitivity list File: C:/Ivander/Code/VHDL/Final Project/alu.vhd Line: 71
Warning (10492): VHDL Process Statement warning at alu.vhd(74): signal "OPERAND_11_A" is read inside the Process Statement but isn't in the Process Statement's sensitivity list File: C:/Ivander/Code/VHDL/Final Project/alu.vhd Line: 74
Warning (10492): VHDL Process Statement warning at alu.vhd(74): signal "OPERAND_11_B" is read inside the Process Statement but isn't in the Process Statement's sensitivity list File: C:/Ivander/Code/VHDL/Final Project/alu.vhd Line: 74
Warning (10492): VHDL Process Statement warning at alu.vhd(75): signal "OPERAND_12_A" is read inside the Process Statement but isn't in the Process Statement's sensitivity list File: C:/Ivander/Code/VHDL/Final Project/alu.vhd Line: 75
Warning (10492): VHDL Process Statement warning at alu.vhd(75): signal "OPERAND_12_B" is read inside the Process Statement but isn't in the Process Statement's sensitivity list File: C:/Ivander/Code/VHDL/Final Project/alu.vhd Line: 75
Warning (10492): VHDL Process Statement warning at alu.vhd(76): signal "OPERAND_21_A" is read inside the Process Statement but isn't in the Process Statement's sensitivity list File: C:/Ivander/Code/VHDL/Final Project/alu.vhd Line: 76
Warning (10492): VHDL Process Statement warning at alu.vhd(76): signal "OPERAND_21_B" is read inside the Process Statement but isn't in the Process Statement's sensitivity list File: C:/Ivander/Code/VHDL/Final Project/alu.vhd Line: 76
Warning (10492): VHDL Process Statement warning at alu.vhd(77): signal "OPERAND_22_A" is read inside the Process Statement but isn't in the Process Statement's sensitivity list File: C:/Ivander/Code/VHDL/Final Project/alu.vhd Line: 77
Warning (10492): VHDL Process Statement warning at alu.vhd(77): signal "OPERAND_22_B" is read inside the Process Statement but isn't in the Process Statement's sensitivity list File: C:/Ivander/Code/VHDL/Final Project/alu.vhd Line: 77
Warning (10492): VHDL Process Statement warning at alu.vhd(80): signal "OPERAND_11_A" is read inside the Process Statement but isn't in the Process Statement's sensitivity list File: C:/Ivander/Code/VHDL/Final Project/alu.vhd Line: 80
Warning (10492): VHDL Process Statement warning at alu.vhd(81): signal "OPERAND_12_A" is read inside the Process Statement but isn't in the Process Statement's sensitivity list File: C:/Ivander/Code/VHDL/Final Project/alu.vhd Line: 81
Warning (10492): VHDL Process Statement warning at alu.vhd(82): signal "OPERAND_21_A" is read inside the Process Statement but isn't in the Process Statement's sensitivity list File: C:/Ivander/Code/VHDL/Final Project/alu.vhd Line: 82
Warning (10492): VHDL Process Statement warning at alu.vhd(83): signal "OPERAND_22_A" is read inside the Process Statement but isn't in the Process Statement's sensitivity list File: C:/Ivander/Code/VHDL/Final Project/alu.vhd Line: 83
Warning (10492): VHDL Process Statement warning at alu.vhd(86): signal "OPERAND_11_A" is read inside the Process Statement but isn't in the Process Statement's sensitivity list File: C:/Ivander/Code/VHDL/Final Project/alu.vhd Line: 86
Warning (10492): VHDL Process Statement warning at alu.vhd(87): signal "OPERAND_12_A" is read inside the Process Statement but isn't in the Process Statement's sensitivity list File: C:/Ivander/Code/VHDL/Final Project/alu.vhd Line: 87
Warning (10492): VHDL Process Statement warning at alu.vhd(88): signal "OPERAND_21_A" is read inside the Process Statement but isn't in the Process Statement's sensitivity list File: C:/Ivander/Code/VHDL/Final Project/alu.vhd Line: 88
Warning (10492): VHDL Process Statement warning at alu.vhd(89): signal "OPERAND_22_A" is read inside the Process Statement but isn't in the Process Statement's sensitivity list File: C:/Ivander/Code/VHDL/Final Project/alu.vhd Line: 89
Warning (10492): VHDL Process Statement warning at alu.vhd(92): signal "OPERAND_11_A" is read inside the Process Statement but isn't in the Process Statement's sensitivity list File: C:/Ivander/Code/VHDL/Final Project/alu.vhd Line: 92
Warning (10492): VHDL Process Statement warning at alu.vhd(93): signal "OPERAND_12_A" is read inside the Process Statement but isn't in the Process Statement's sensitivity list File: C:/Ivander/Code/VHDL/Final Project/alu.vhd Line: 93
Warning (10492): VHDL Process Statement warning at alu.vhd(94): signal "OPERAND_21_A" is read inside the Process Statement but isn't in the Process Statement's sensitivity list File: C:/Ivander/Code/VHDL/Final Project/alu.vhd Line: 94
Warning (10492): VHDL Process Statement warning at alu.vhd(95): signal "OPERAND_22_A" is read inside the Process Statement but isn't in the Process Statement's sensitivity list File: C:/Ivander/Code/VHDL/Final Project/alu.vhd Line: 95
Warning (10492): VHDL Process Statement warning at alu.vhd(98): signal "OPERAND_11_A" is read inside the Process Statement but isn't in the Process Statement's sensitivity list File: C:/Ivander/Code/VHDL/Final Project/alu.vhd Line: 98
Warning (10492): VHDL Process Statement warning at alu.vhd(99): signal "OPERAND_21_A" is read inside the Process Statement but isn't in the Process Statement's sensitivity list File: C:/Ivander/Code/VHDL/Final Project/alu.vhd Line: 99
Warning (10492): VHDL Process Statement warning at alu.vhd(100): signal "OPERAND_12_A" is read inside the Process Statement but isn't in the Process Statement's sensitivity list File: C:/Ivander/Code/VHDL/Final Project/alu.vhd Line: 100
Warning (10492): VHDL Process Statement warning at alu.vhd(101): signal "OPERAND_22_A" is read inside the Process Statement but isn't in the Process Statement's sensitivity list File: C:/Ivander/Code/VHDL/Final Project/alu.vhd Line: 101
Warning (10492): VHDL Process Statement warning at alu.vhd(104): signal "OPERAND_22_A" is read inside the Process Statement but isn't in the Process Statement's sensitivity list File: C:/Ivander/Code/VHDL/Final Project/alu.vhd Line: 104
Warning (10492): VHDL Process Statement warning at alu.vhd(105): signal "OPERAND_12_A" is read inside the Process Statement but isn't in the Process Statement's sensitivity list File: C:/Ivander/Code/VHDL/Final Project/alu.vhd Line: 105
Warning (10492): VHDL Process Statement warning at alu.vhd(106): signal "OPERAND_21_A" is read inside the Process Statement but isn't in the Process Statement's sensitivity list File: C:/Ivander/Code/VHDL/Final Project/alu.vhd Line: 106
Warning (10492): VHDL Process Statement warning at alu.vhd(107): signal "OPERAND_11_A" is read inside the Process Statement but isn't in the Process Statement's sensitivity list File: C:/Ivander/Code/VHDL/Final Project/alu.vhd Line: 107
Warning (10492): VHDL Process Statement warning at alu.vhd(110): signal "OPERAND_11_A" is read inside the Process Statement but isn't in the Process Statement's sensitivity list File: C:/Ivander/Code/VHDL/Final Project/alu.vhd Line: 110
Warning (10492): VHDL Process Statement warning at alu.vhd(110): signal "OPERAND_11_B" is read inside the Process Statement but isn't in the Process Statement's sensitivity list File: C:/Ivander/Code/VHDL/Final Project/alu.vhd Line: 110
Warning (10492): VHDL Process Statement warning at alu.vhd(110): signal "OPERAND_12_A" is read inside the Process Statement but isn't in the Process Statement's sensitivity list File: C:/Ivander/Code/VHDL/Final Project/alu.vhd Line: 110
Warning (10492): VHDL Process Statement warning at alu.vhd(110): signal "OPERAND_21_B" is read inside the Process Statement but isn't in the Process Statement's sensitivity list File: C:/Ivander/Code/VHDL/Final Project/alu.vhd Line: 110
Warning (10492): VHDL Process Statement warning at alu.vhd(111): signal "OPERAND_11_A" is read inside the Process Statement but isn't in the Process Statement's sensitivity list File: C:/Ivander/Code/VHDL/Final Project/alu.vhd Line: 111
Warning (10492): VHDL Process Statement warning at alu.vhd(111): signal "OPERAND_12_B" is read inside the Process Statement but isn't in the Process Statement's sensitivity list File: C:/Ivander/Code/VHDL/Final Project/alu.vhd Line: 111
Warning (10492): VHDL Process Statement warning at alu.vhd(111): signal "OPERAND_12_A" is read inside the Process Statement but isn't in the Process Statement's sensitivity list File: C:/Ivander/Code/VHDL/Final Project/alu.vhd Line: 111
Warning (10492): VHDL Process Statement warning at alu.vhd(111): signal "OPERAND_22_B" is read inside the Process Statement but isn't in the Process Statement's sensitivity list File: C:/Ivander/Code/VHDL/Final Project/alu.vhd Line: 111
Warning (10492): VHDL Process Statement warning at alu.vhd(112): signal "OPERAND_21_A" is read inside the Process Statement but isn't in the Process Statement's sensitivity list File: C:/Ivander/Code/VHDL/Final Project/alu.vhd Line: 112
Warning (10492): VHDL Process Statement warning at alu.vhd(112): signal "OPERAND_11_B" is read inside the Process Statement but isn't in the Process Statement's sensitivity list File: C:/Ivander/Code/VHDL/Final Project/alu.vhd Line: 112
Warning (10492): VHDL Process Statement warning at alu.vhd(112): signal "OPERAND_22_A" is read inside the Process Statement but isn't in the Process Statement's sensitivity list File: C:/Ivander/Code/VHDL/Final Project/alu.vhd Line: 112
Warning (10492): VHDL Process Statement warning at alu.vhd(112): signal "OPERAND_21_B" is read inside the Process Statement but isn't in the Process Statement's sensitivity list File: C:/Ivander/Code/VHDL/Final Project/alu.vhd Line: 112
Warning (10492): VHDL Process Statement warning at alu.vhd(113): signal "OPERAND_21_A" is read inside the Process Statement but isn't in the Process Statement's sensitivity list File: C:/Ivander/Code/VHDL/Final Project/alu.vhd Line: 113
Warning (10492): VHDL Process Statement warning at alu.vhd(113): signal "OPERAND_12_B" is read inside the Process Statement but isn't in the Process Statement's sensitivity list File: C:/Ivander/Code/VHDL/Final Project/alu.vhd Line: 113
Warning (10492): VHDL Process Statement warning at alu.vhd(113): signal "OPERAND_22_A" is read inside the Process Statement but isn't in the Process Statement's sensitivity list File: C:/Ivander/Code/VHDL/Final Project/alu.vhd Line: 113
Warning (10492): VHDL Process Statement warning at alu.vhd(113): signal "OPERAND_22_B" is read inside the Process Statement but isn't in the Process Statement's sensitivity list File: C:/Ivander/Code/VHDL/Final Project/alu.vhd Line: 113
Info: Quartus Prime Analysis & Elaboration was successful. 0 errors, 108 warnings
    Info: Peak virtual memory: 4838 megabytes
    Info: Processing ended: Sun Dec 17 14:33:34 2023
    Info: Elapsed time: 00:00:24
    Info: Total CPU time (on all processors): 00:00:34


